This is pdfTeX, Version 3.141592653-2.6-1.40.26 (TeX Live 2024) (preloaded format=pdflatex 2025.2.18)  11 MAR 2025 15:29
entering extended mode
 restricted \write18 enabled.
 file:line:error style messages enabled.
 %&-line parsing enabled.
**/Users/edvart/Programming/visualization/latex/oblig.tex
(/Users/edvart/Programming/visualization/latex/oblig.tex
LaTeX2e <2023-11-01> patch level 1
L3 programming layer <2024-02-20>
(/usr/local/texlive/2024/texmf-dist/tex/latex/base/article.cls
Document Class: article 2023/05/17 v1.4n Standard LaTeX document class
(/usr/local/texlive/2024/texmf-dist/tex/latex/base/size10.clo
File: size10.clo 2023/05/17 v1.4n Standard LaTeX file (size option)
)
\c@part=\count188
\c@section=\count189
\c@subsection=\count190
\c@subsubsection=\count191
\c@paragraph=\count192
\c@subparagraph=\count193
\c@figure=\count194
\c@table=\count195
\abovecaptionskip=\skip48
\belowcaptionskip=\skip49
\bibindent=\dimen140
) (/usr/local/texlive/2024/texmf-dist/tex/latex/graphics/graphicx.sty
Package: graphicx 2021/09/16 v1.2d Enhanced LaTeX Graphics (DPC,SPQR)
 (/usr/local/texlive/2024/texmf-dist/tex/latex/graphics/keyval.sty
Package: keyval 2022/05/29 v1.15 key=value parser (DPC)
\KV@toks@=\toks17
) (/usr/local/texlive/2024/texmf-dist/tex/latex/graphics/graphics.sty
Package: graphics 2022/03/10 v1.4e Standard LaTeX Graphics (DPC,SPQR)
 (/usr/local/texlive/2024/texmf-dist/tex/latex/graphics/trig.sty
Package: trig 2021/08/11 v1.11 sin cos tan (DPC)
) (/usr/local/texlive/2024/texmf-dist/tex/latex/graphics-cfg/graphics.cfg
File: graphics.cfg 2016/06/04 v1.11 sample graphics configuration
)
Package graphics Info: Driver file: pdftex.def on input line 107.
 (/usr/local/texlive/2024/texmf-dist/tex/latex/graphics-def/pdftex.def
File: pdftex.def 2022/09/22 v1.2b Graphics/color driver for pdftex
))
\Gin@req@height=\dimen141
\Gin@req@width=\dimen142
) (/usr/local/texlive/2024/texmf-dist/tex/latex/amsmath/amsmath.sty
Package: amsmath 2023/05/13 v2.17o AMS math features
\@mathmargin=\skip50

For additional information on amsmath, use the `?' option.
(/usr/local/texlive/2024/texmf-dist/tex/latex/amsmath/amstext.sty
Package: amstext 2021/08/26 v2.01 AMS text
 (/usr/local/texlive/2024/texmf-dist/tex/latex/amsmath/amsgen.sty
File: amsgen.sty 1999/11/30 v2.0 generic functions
\@emptytoks=\toks18
\ex@=\dimen143
)) (/usr/local/texlive/2024/texmf-dist/tex/latex/amsmath/amsbsy.sty
Package: amsbsy 1999/11/29 v1.2d Bold Symbols
\pmbraise@=\dimen144
) (/usr/local/texlive/2024/texmf-dist/tex/latex/amsmath/amsopn.sty
Package: amsopn 2022/04/08 v2.04 operator names
)
\inf@bad=\count196
LaTeX Info: Redefining \frac on input line 234.
\uproot@=\count197
\leftroot@=\count198
LaTeX Info: Redefining \overline on input line 399.
LaTeX Info: Redefining \colon on input line 410.
\classnum@=\count199
\DOTSCASE@=\count266
LaTeX Info: Redefining \ldots on input line 496.
LaTeX Info: Redefining \dots on input line 499.
LaTeX Info: Redefining \cdots on input line 620.
\Mathstrutbox@=\box51
\strutbox@=\box52
LaTeX Info: Redefining \big on input line 722.
LaTeX Info: Redefining \Big on input line 723.
LaTeX Info: Redefining \bigg on input line 724.
LaTeX Info: Redefining \Bigg on input line 725.
\big@size=\dimen145
LaTeX Font Info:    Redeclaring font encoding OML on input line 743.
LaTeX Font Info:    Redeclaring font encoding OMS on input line 744.
\macc@depth=\count267
LaTeX Info: Redefining \bmod on input line 905.
LaTeX Info: Redefining \pmod on input line 910.
LaTeX Info: Redefining \smash on input line 940.
LaTeX Info: Redefining \relbar on input line 970.
LaTeX Info: Redefining \Relbar on input line 971.
\c@MaxMatrixCols=\count268
\dotsspace@=\muskip16
\c@parentequation=\count269
\dspbrk@lvl=\count270
\tag@help=\toks19
\row@=\count271
\column@=\count272
\maxfields@=\count273
\andhelp@=\toks20
\eqnshift@=\dimen146
\alignsep@=\dimen147
\tagshift@=\dimen148
\tagwidth@=\dimen149
\totwidth@=\dimen150
\lineht@=\dimen151
\@envbody=\toks21
\multlinegap=\skip51
\multlinetaggap=\skip52
\mathdisplay@stack=\toks22
LaTeX Info: Redefining \[ on input line 2953.
LaTeX Info: Redefining \] on input line 2954.
) (/usr/local/texlive/2024/texmf-dist/tex/latex/caption/subcaption.sty
Package: subcaption 2023/07/28 v1.6b Sub-captions (AR)
 (/usr/local/texlive/2024/texmf-dist/tex/latex/caption/caption.sty
Package: caption 2023/08/05 v3.6o Customizing captions (AR)
 (/usr/local/texlive/2024/texmf-dist/tex/latex/caption/caption3.sty
Package: caption3 2023/07/31 v2.4d caption3 kernel (AR)
\caption@tempdima=\dimen152
\captionmargin=\dimen153
\caption@leftmargin=\dimen154
\caption@rightmargin=\dimen155
\caption@width=\dimen156
\caption@indent=\dimen157
\caption@parindent=\dimen158
\caption@hangindent=\dimen159
Package caption Info: Standard document class detected.
)
\c@caption@flags=\count274
\c@continuedfloat=\count275
)
Package caption Info: New subtype `subfigure' on input line 238.
\c@subfigure=\count276
Package caption Info: New subtype `subtable' on input line 238.
\c@subtable=\count277
) (/usr/local/texlive/2024/texmf-dist/tex/latex/amsfonts/amsfonts.sty
Package: amsfonts 2013/01/14 v3.01 Basic AMSFonts support
\symAMSa=\mathgroup4
\symAMSb=\mathgroup5
LaTeX Font Info:    Redeclaring math symbol \hbar on input line 98.
LaTeX Font Info:    Overwriting math alphabet `\mathfrak' in version `bold'
(Font)                  U/euf/m/n --> U/euf/b/n on input line 106.
) (/usr/local/texlive/2024/texmf-dist/tex/latex/cancel/cancel.sty
Package: cancel 2013/04/12 v2.2 Cancel math terms
) (/usr/local/texlive/2024/texmf-dist/tex/latex/hyperref/hyperref.sty
Package: hyperref 2024-01-20 v7.01h Hypertext links for LaTeX
 (/usr/local/texlive/2024/texmf-dist/tex/generic/iftex/iftex.sty
Package: iftex 2022/02/03 v1.0f TeX engine tests
) (/usr/local/texlive/2024/texmf-dist/tex/latex/kvsetkeys/kvsetkeys.sty
Package: kvsetkeys 2022-10-05 v1.19 Key value parser (HO)
) (/usr/local/texlive/2024/texmf-dist/tex/generic/kvdefinekeys/kvdefinekeys.sty
Package: kvdefinekeys 2019-12-19 v1.6 Define keys (HO)
) (/usr/local/texlive/2024/texmf-dist/tex/generic/pdfescape/pdfescape.sty
Package: pdfescape 2019/12/09 v1.15 Implements pdfTeX's escape features (HO)
 (/usr/local/texlive/2024/texmf-dist/tex/generic/ltxcmds/ltxcmds.sty
Package: ltxcmds 2023-12-04 v1.26 LaTeX kernel commands for general use (HO)
) (/usr/local/texlive/2024/texmf-dist/tex/generic/pdftexcmds/pdftexcmds.sty
Package: pdftexcmds 2020-06-27 v0.33 Utility functions of pdfTeX for LuaTeX (HO)
 (/usr/local/texlive/2024/texmf-dist/tex/generic/infwarerr/infwarerr.sty
Package: infwarerr 2019/12/03 v1.5 Providing info/warning/error messages (HO)
)
Package pdftexcmds Info: \pdf@primitive is available.
Package pdftexcmds Info: \pdf@ifprimitive is available.
Package pdftexcmds Info: \pdfdraftmode found.
)) (/usr/local/texlive/2024/texmf-dist/tex/latex/hycolor/hycolor.sty
Package: hycolor 2020-01-27 v1.10 Color options for hyperref/bookmark (HO)
) (/usr/local/texlive/2024/texmf-dist/tex/latex/auxhook/auxhook.sty
Package: auxhook 2019-12-17 v1.6 Hooks for auxiliary files (HO)
) (/usr/local/texlive/2024/texmf-dist/tex/latex/hyperref/nameref.sty
Package: nameref 2023-11-26 v2.56 Cross-referencing by name of section
 (/usr/local/texlive/2024/texmf-dist/tex/latex/refcount/refcount.sty
Package: refcount 2019/12/15 v3.6 Data extraction from label references (HO)
) (/usr/local/texlive/2024/texmf-dist/tex/generic/gettitlestring/gettitlestring.sty
Package: gettitlestring 2019/12/15 v1.6 Cleanup title references (HO)
 (/usr/local/texlive/2024/texmf-dist/tex/latex/kvoptions/kvoptions.sty
Package: kvoptions 2022-06-15 v3.15 Key value format for package options (HO)
))
\c@section@level=\count278
) (/usr/local/texlive/2024/texmf-dist/tex/latex/etoolbox/etoolbox.sty
Package: etoolbox 2020/10/05 v2.5k e-TeX tools for LaTeX (JAW)
\etb@tempcnta=\count279
)
\@linkdim=\dimen160
\Hy@linkcounter=\count280
\Hy@pagecounter=\count281
 (/usr/local/texlive/2024/texmf-dist/tex/latex/hyperref/pd1enc.def
File: pd1enc.def 2024-01-20 v7.01h Hyperref: PDFDocEncoding definition (HO)
Now handling font encoding PD1 ...
... no UTF-8 mapping file for font encoding PD1
) (/usr/local/texlive/2024/texmf-dist/tex/generic/intcalc/intcalc.sty
Package: intcalc 2019/12/15 v1.3 Expandable calculations with integers (HO)
)
\Hy@SavedSpaceFactor=\count282
 (/usr/local/texlive/2024/texmf-dist/tex/latex/hyperref/puenc.def
File: puenc.def 2024-01-20 v7.01h Hyperref: PDF Unicode definition (HO)
Now handling font encoding PU ...
... no UTF-8 mapping file for font encoding PU
)
Package hyperref Info: Hyper figures OFF on input line 4179.
Package hyperref Info: Link nesting OFF on input line 4184.
Package hyperref Info: Hyper index ON on input line 4187.
Package hyperref Info: Plain pages OFF on input line 4194.
Package hyperref Info: Backreferencing OFF on input line 4199.
Package hyperref Info: Implicit mode ON; LaTeX internals redefined.
Package hyperref Info: Bookmarks ON on input line 4446.
\c@Hy@tempcnt=\count283
 (/usr/local/texlive/2024/texmf-dist/tex/latex/url/url.sty
\Urlmuskip=\muskip17
Package: url 2013/09/16  ver 3.4  Verb mode for urls, etc.
)
LaTeX Info: Redefining \url on input line 4784.
\XeTeXLinkMargin=\dimen161
 (/usr/local/texlive/2024/texmf-dist/tex/generic/bitset/bitset.sty
Package: bitset 2019/12/09 v1.3 Handle bit-vector datatype (HO)
 (/usr/local/texlive/2024/texmf-dist/tex/generic/bigintcalc/bigintcalc.sty
Package: bigintcalc 2019/12/15 v1.5 Expandable calculations on big integers (HO)
))
\Fld@menulength=\count284
\Field@Width=\dimen162
\Fld@charsize=\dimen163
Package hyperref Info: Hyper figures OFF on input line 6063.
Package hyperref Info: Link nesting OFF on input line 6068.
Package hyperref Info: Hyper index ON on input line 6071.
Package hyperref Info: backreferencing OFF on input line 6078.
Package hyperref Info: Link coloring OFF on input line 6083.
Package hyperref Info: Link coloring with OCG OFF on input line 6088.
Package hyperref Info: PDF/A mode OFF on input line 6093.
 (/usr/local/texlive/2024/texmf-dist/tex/latex/base/atbegshi-ltx.sty
Package: atbegshi-ltx 2021/01/10 v1.0c Emulation of the original atbegshi
package with kernel methods
)
\Hy@abspage=\count285
\c@Item=\count286
\c@Hfootnote=\count287
)
Package hyperref Info: Driver (autodetected): hpdftex.
 (/usr/local/texlive/2024/texmf-dist/tex/latex/hyperref/hpdftex.def
File: hpdftex.def 2024-01-20 v7.01h Hyperref driver for pdfTeX
 (/usr/local/texlive/2024/texmf-dist/tex/latex/base/atveryend-ltx.sty
Package: atveryend-ltx 2020/08/19 v1.0a Emulation of the original atveryend package
with kernel methods
)
\Fld@listcount=\count288
\c@bookmark@seq@number=\count289
 (/usr/local/texlive/2024/texmf-dist/tex/latex/rerunfilecheck/rerunfilecheck.sty
Package: rerunfilecheck 2022-07-10 v1.10 Rerun checks for auxiliary files (HO)
 (/usr/local/texlive/2024/texmf-dist/tex/generic/uniquecounter/uniquecounter.sty
Package: uniquecounter 2019/12/15 v1.4 Provide unlimited unique counter (HO)
)
Package uniquecounter Info: New unique counter `rerunfilecheck' on input line 285.
)
\Hy@SectionHShift=\skip53
) (/usr/local/texlive/2024/texmf-dist/tex/latex/l3backend/l3backend-pdftex.def
File: l3backend-pdftex.def 2024-02-20 L3 backend support: PDF output (pdfTeX)
\l__color_backend_stack_int=\count290
\l__pdf_internal_box=\box53
) (./oblig.aux)
\openout1 = `oblig.aux'.

LaTeX Font Info:    Checking defaults for OML/cmm/m/it on input line 13.
LaTeX Font Info:    ... okay on input line 13.
LaTeX Font Info:    Checking defaults for OMS/cmsy/m/n on input line 13.
LaTeX Font Info:    ... okay on input line 13.
LaTeX Font Info:    Checking defaults for OT1/cmr/m/n on input line 13.
LaTeX Font Info:    ... okay on input line 13.
LaTeX Font Info:    Checking defaults for T1/cmr/m/n on input line 13.
LaTeX Font Info:    ... okay on input line 13.
LaTeX Font Info:    Checking defaults for TS1/cmr/m/n on input line 13.
LaTeX Font Info:    ... okay on input line 13.
LaTeX Font Info:    Checking defaults for OMX/cmex/m/n on input line 13.
LaTeX Font Info:    ... okay on input line 13.
LaTeX Font Info:    Checking defaults for U/cmr/m/n on input line 13.
LaTeX Font Info:    ... okay on input line 13.
LaTeX Font Info:    Checking defaults for PD1/pdf/m/n on input line 13.
LaTeX Font Info:    ... okay on input line 13.
LaTeX Font Info:    Checking defaults for PU/pdf/m/n on input line 13.
LaTeX Font Info:    ... okay on input line 13.
 (/usr/local/texlive/2024/texmf-dist/tex/context/base/mkii/supp-pdf.mkii
[Loading MPS to PDF converter (version 2006.09.02).]
\scratchcounter=\count291
\scratchdimen=\dimen164
\scratchbox=\box54
\nofMPsegments=\count292
\nofMParguments=\count293
\everyMPshowfont=\toks23
\MPscratchCnt=\count294
\MPscratchDim=\dimen165
\MPnumerator=\count295
\makeMPintoPDFobject=\count296
\everyMPtoPDFconversion=\toks24
) (/usr/local/texlive/2024/texmf-dist/tex/latex/epstopdf-pkg/epstopdf-base.sty
Package: epstopdf-base 2020-01-24 v2.11 Base part for package epstopdf
Package epstopdf-base Info: Redefining graphics rule for `.eps' on input line 485.
 (/usr/local/texlive/2024/texmf-dist/tex/latex/latexconfig/epstopdf-sys.cfg
File: epstopdf-sys.cfg 2010/07/13 v1.3 Configuration of (r)epstopdf for TeX Live
))
Package caption Info: Begin \AtBeginDocument code.
Package caption Info: hyperref package is loaded.
Package caption Info: End \AtBeginDocument code.
Package hyperref Info: Link coloring OFF on input line 13.
 (./oblig.out) (./oblig.out)
\@outlinefile=\write3
\openout3 = `oblig.out'.

LaTeX Font Info:    Trying to load font information for U+msa on input line 16.
 (/usr/local/texlive/2024/texmf-dist/tex/latex/amsfonts/umsa.fd
File: umsa.fd 2013/01/14 v3.01 AMS symbols A
)
LaTeX Font Info:    Trying to load font information for U+msb on input line 16.
 (/usr/local/texlive/2024/texmf-dist/tex/latex/amsfonts/umsb.fd
File: umsb.fd 2013/01/14 v3.01 AMS symbols B
)
<BilinearInterpolationV2.svg.png, id=52, 1927.2pt x 1820.8025pt>
File: BilinearInterpolationV2.svg.png Graphic file (type png)
<use BilinearInterpolationV2.svg.png>
Package pdftex.def Info: BilinearInterpolationV2.svg.png  used on input line 34.
(pdftex.def)             Requested size: 172.5pt x 162.97609pt.
 [1

{/usr/local/texlive/2024/texmf-var/fonts/map/pdftex/updmap/pdftex.map} <./BilinearInterpolationV2.svg.png>] [2]
<random.png, id=78, 912.40875pt x 911.405pt>
File: random.png Graphic file (type png)
<use random.png>
Package pdftex.def Info: random.png  used on input line 91.
(pdftex.def)             Requested size: 258.75pt x 258.45978pt.
 [3 <./random.png>]
<metsim_random_sampling.png, id=86, 426.59375pt x 423.5825pt>
File: metsim_random_sampling.png Graphic file (type png)
<use metsim_random_sampling.png>
Package pdftex.def Info: metsim_random_sampling.png  used on input line 97.
(pdftex.def)             Requested size: 258.75pt x 256.93716pt.
<uniform.png, id=87, 433.62pt x 433.62pt>
File: uniform.png Graphic file (type png)
<use uniform.png>
Package pdftex.def Info: uniform.png  used on input line 106.
(pdftex.def)             Requested size: 258.75pt x 258.7647pt.


LaTeX Warning: `!h' float specifier changed to `!ht'.

[4 <./metsim_random_sampling.png>]
<vorticity_map.png, id=94, 445.665pt x 443.6575pt>
File: vorticity_map.png Graphic file (type png)
<use vorticity_map.png>
Package pdftex.def Info: vorticity_map.png  used on input line 134.
(pdftex.def)             Requested size: 110.40253pt x 109.90541pt.

Underfull \hbox (badness 10000) in paragraph at lines 135--135
[]\OT1/cmr/m/n/9 (a) |Vor-tic-ity mag-ni-tude
 []

<pow_0_6.png, id=95, 445.665pt x 443.6575pt>
File: pow_0_6.png Graphic file (type png)
<use pow_0_6.png>
Package pdftex.def Info: pow_0_6.png  used on input line 140.
(pdftex.def)             Requested size: 110.40253pt x 109.90541pt.

Underfull \hbox (badness 10000) in paragraph at lines 141--141
[]\OT1/cmr/m/n/9 (b) |Vor-tic-ity mag-ni-tude
 []

<pow_3_0.png, id=96, 444.66125pt x 442.65375pt>
File: pow_3_0.png Graphic file (type png)
<use pow_3_0.png>
Package pdftex.def Info: pow_3_0.png  used on input line 146.
(pdftex.def)             Requested size: 110.40253pt x 109.89992pt.

Underfull \hbox (badness 10000) in paragraph at lines 147--147
[]\OT1/cmr/m/n/9 (c) |Vor-tic-ity mag-ni-tude
 []

<vort_result.png, id=97, 913.4125pt x 910.40125pt>
File: vort_result.png Graphic file (type png)
<use vort_result.png>
Package pdftex.def Info: vort_result.png  used on input line 158.
(pdftex.def)             Requested size: 148.34747pt x 147.84814pt.
<vort_result_3_0.png, id=98, 912.40875pt x 913.4125pt>
File: vort_result_3_0.png Graphic file (type png)
<use vort_result_3_0.png>
Package pdftex.def Info: vort_result_3_0.png  used on input line 164.
(pdftex.def)             Requested size: 148.34747pt x 148.50443pt.

LaTeX Warning: `!h' float specifier changed to `!ht'.

[5 <./uniform.png> <./vorticity_map.png> <./pow_0_6.png> <./pow_3_0.png>]
<euler.png, id=110, 564.1075pt x 485.815pt>
File: euler.png Graphic file (type png)
<use euler.png>
Package pdftex.def Info: euler.png  used on input line 181.
(pdftex.def)             Requested size: 165.59853pt x 142.61736pt.
<rk4.png, id=111, 610.28pt x 522.95375pt>
File: rk4.png Graphic file (type png)
<use rk4.png>
Package pdftex.def Info: rk4.png  used on input line 187.
(pdftex.def)             Requested size: 165.59853pt x 141.9016pt.
 [6 <./vort_result.png> <./vort_result_3_0.png> <./euler.png> <./rk4.png>] [7]
<steps_8000_kernel_length_4.png, id=127, 347.6187pt x 348.3414pt>
File: steps_8000_kernel_length_4.png Graphic file (type png)
<use steps_8000_kernel_length_4.png>
Package pdftex.def Info: steps_8000_kernel_length_4.png  used on input line 243.
(pdftex.def)             Requested size: 110.40253pt x 110.63171pt.
<steps_8000_kernel_length_8.png, id=128, 347.6187pt x 348.3414pt>
File: steps_8000_kernel_length_8.png Graphic file (type png)
<use steps_8000_kernel_length_8.png>
Package pdftex.def Info: steps_8000_kernel_length_8.png  used on input line 249.
(pdftex.def)             Requested size: 110.40253pt x 110.63171pt.
<steps_8000_kernel_length_16.png, id=129, 347.6187pt x 348.3414pt>
File: steps_8000_kernel_length_16.png Graphic file (type png)
<use steps_8000_kernel_length_16.png>
Package pdftex.def Info: steps_8000_kernel_length_16.png  used on input line 255.
(pdftex.def)             Requested size: 110.40253pt x 110.63171pt.
<frame_000.png, id=130, 333.8874pt x 333.8874pt>
File: frame_000.png Graphic file (type png)
<use frame_000.png>
Package pdftex.def Info: frame_000.png  used on input line 270.
(pdftex.def)             Requested size: 155.24895pt x 155.25093pt.
<frame_006.png, id=131, 333.8874pt x 333.8874pt>
File: frame_006.png Graphic file (type png)
<use frame_006.png>
Package pdftex.def Info: frame_006.png  used on input line 271.
(pdftex.def)             Requested size: 155.24895pt x 155.25093pt.
<frame_012.png, id=132, 333.8874pt x 333.8874pt>
File: frame_012.png Graphic file (type png)
<use frame_012.png>
Package pdftex.def Info: frame_012.png  used on input line 272.
(pdftex.def)             Requested size: 155.24895pt x 155.25093pt.
<frame_018.png, id=133, 333.8874pt x 333.8874pt>
File: frame_018.png Graphic file (type png)
<use frame_018.png>
Package pdftex.def Info: frame_018.png  used on input line 273.
(pdftex.def)             Requested size: 155.24895pt x 155.25093pt.


LaTeX Warning: `!h' float specifier changed to `!ht'.

<metsim_original.png, id=134, 482.80376pt x 483.8075pt>
File: metsim_original.png Graphic file (type png)
<use metsim_original.png>
Package pdftex.def Info: metsim_original.png  used on input line 295.
(pdftex.def)             Requested size: 110.40253pt x 110.63112pt.
<metsim_250_250.png, id=135, 482.80376pt x 483.8075pt>
File: metsim_250_250.png Graphic file (type png)
<use metsim_250_250.png>
Package pdftex.def Info: metsim_250_250.png  used on input line 301.
(pdftex.def)             Requested size: 110.40253pt x 110.63112pt.
<metsim_500_500.png, id=136, 482.80376pt x 483.8075pt>
File: metsim_500_500.png Graphic file (type png)
<use metsim_500_500.png>
Package pdftex.def Info: metsim_500_500.png  used on input line 307.
(pdftex.def)             Requested size: 110.40253pt x 110.63112pt.

LaTeX Warning: `!h' float specifier changed to `!ht'.

[8 <./steps_8000_kernel_length_4.png> <./steps_8000_kernel_length_8.png> <./steps_8000_kernel_length_16.png>]

LaTeX Warning: Text page 9 contains only floats.


Overfull \vbox (2.13298pt too high) has occurred while \output is active []

 [9 <./frame_000.png> <./frame_006.png> <./frame_012.png> <./frame_018.png> <./metsim_original.png> <./metsim_250_250.png> <./metsim_500_500.png>] [10] (./oblig.aux)
 ***********
LaTeX2e <2023-11-01> patch level 1
L3 programming layer <2024-02-20>
 ***********
Package rerunfilecheck Info: File `oblig.out' has not changed.
(rerunfilecheck)             Checksum: 51477D8032C4C390C644013ACF2DB04B;2026.
 ) 
Here is how much of TeX's memory you used:
 10794 strings out of 474116
 172965 string characters out of 5743682
 1936187 words of memory out of 5000000
 33003 multiletter control sequences out of 15000+600000
 567018 words of font info for 71 fonts, out of 8000000 for 9000
 1141 hyphenation exceptions out of 8191
 75i,14n,79p,420b,613s stack positions out of 10000i,1000n,20000p,200000b,200000s
</usr/local/texlive/2024/texmf-dist/fonts/type1/public/amsfonts/cm/cmbx10.pfb></usr/local/texlive/2024/texmf-dist/fonts/type1/public/amsfonts/cm/cmbx12.pfb></usr/local/texlive/2024/texmf-dist/fonts/type1/public/amsfonts/cm/cmex10.pfb></usr/local/texlive/2024/texmf-dist/fonts/type1/public/amsfonts/cm/cmmi10.pfb></usr/local/texlive/2024/texmf-dist/fonts/type1/public/amsfonts/cm/cmmi7.pfb></usr/local/texlive/2024/texmf-dist/fonts/type1/public/amsfonts/cm/cmr10.pfb></usr/local/texlive/2024/texmf-dist/fonts/type1/public/amsfonts/cm/cmr12.pfb></usr/local/texlive/2024/texmf-dist/fonts/type1/public/amsfonts/cm/cmr17.pfb></usr/local/texlive/2024/texmf-dist/fonts/type1/public/amsfonts/cm/cmr5.pfb></usr/local/texlive/2024/texmf-dist/fonts/type1/public/amsfonts/cm/cmr7.pfb></usr/local/texlive/2024/texmf-dist/fonts/type1/public/amsfonts/cm/cmr9.pfb></usr/local/texlive/2024/texmf-dist/fonts/type1/public/amsfonts/cm/cmsy10.pfb></usr/local/texlive/2024/texmf-dist/fonts/type1/public/amsfonts/cm/cmsy7.pfb></usr/local/texlive/2024/texmf-dist/fonts/type1/public/amsfonts/cm/cmtt10.pfb></usr/local/texlive/2024/texmf-dist/fonts/type1/public/amsfonts/symbols/msbm10.pfb>
Output written on oblig.pdf (10 pages, 20058381 bytes).
PDF statistics:
 235 PDF objects out of 1000 (max. 8388607)
 152 compressed objects within 2 object streams
 34 named destinations out of 1000 (max. 500000)
 202 words of extra memory for PDF output out of 10000 (max. 10000000)

